[0619/192231.313:ERROR:process_memory_win.cc(73)] ReadMemory at 0x7ff7c1030000 of 64 bytes failed: Only part of a ReadProcessMemory or WriteProcessMemory request was completed. (0x12B)
[0619/192231.485:WARNING:pe_image_reader.cc(340)] could not read dos header from C:\Program Files (x86)\Google\Chrome\Application\chrome.exe
[0619/192231.485:ERROR:process_memory_win.cc(73)] ReadMemory at 0x7ffd785d0000 of 64 bytes failed: Only part of a ReadProcessMemory or WriteProcessMemory request was completed. (0x12B)
[0619/192231.485:WARNING:pe_image_reader.cc(340)] could not read dos header from C:\Windows\SYSTEM32\ntdll.dll
[0619/192231.485:ERROR:process_memory_win.cc(73)] ReadMemory at 0x7ffd75d90000 of 64 bytes failed: Only part of a ReadProcessMemory or WriteProcessMemory request was completed. (0x12B)
[0619/192231.485:WARNING:pe_image_reader.cc(340)] could not read dos header from C:\Windows\system32\KERNEL32.DLL
[0619/192231.485:ERROR:process_memory_win.cc(73)] ReadMemory at 0x7ffd75b40000 of 64 bytes failed: Only part of a ReadProcessMemory or WriteProcessMemory request was completed. (0x12B)
[0619/192231.485:WARNING:pe_image_reader.cc(340)] could not read dos header from C:\Windows\system32\KERNELBASE.dll
[0619/192231.485:ERROR:process_memory_win.cc(73)] ReadMemory at 0x7ffd56f50000 of 64 bytes failed: Only part of a ReadProcessMemory or WriteProcessMemory request was completed. (0x12B)
[0619/192231.485:WARNING:pe_image_reader.cc(340)] could not read dos header from C:\Program Files (x86)\Google\Chrome\Application\74.0.3729.169\chrome_elf.dll
[0619/192231.485:ERROR:process_memory_win.cc(73)] ReadMemory at 0x7ffd76440000 of 64 bytes failed: Only part of a ReadProcessMemory or WriteProcessMemory request was completed. (0x12B)
[0619/192231.485:WARNING:pe_image_reader.cc(340)] could not read dos header from C:\Windows\system32\SHELL32.dll
[0619/192231.485:ERROR:process_memory_win.cc(73)] ReadMemory at 0x7ffd77e60000 of 64 bytes failed: Only part of a ReadProcessMemory or WriteProcessMemory request was completed. (0x12B)
[0619/192231.485:WARNING:pe_image_reader.cc(340)] could not read dos header from C:\Windows\system32\ADVAPI32.dll
[0619/192231.485:ERROR:process_memory_win.cc(73)] ReadMemory at 0x7ffd77ba0000 of 64 bytes failed: Only part of a ReadProcessMemory or WriteProcessMemory request was completed. (0x12B)
[0619/192231.485:WARNING:pe_image_reader.cc(340)] could not read dos header from C:\Windows\system32\USER32.dll
[0619/192231.485:ERROR:process_memory_win.cc(73)] ReadMemory at 0x7ffd6e2b0000 of 64 bytes failed: Only part of a ReadProcessMemory or WriteProcessMemory request was completed. (0x12B)
[0619/192231.485:WARNING:pe_image_reader.cc(340)] could not read dos header from C:\Windows\SYSTEM32\VERSION.dll
[0619/192231.485:ERROR:process_memory_win.cc(73)] ReadMemory at 0x7ffd75d30000 of 64 bytes failed: Only part of a ReadProcessMemory or WriteProcessMemory request was completed. (0x12B)
[0619/192231.485:WARNING:pe_image_reader.cc(340)] could not read dos header from C:\Windows\system32\SHLWAPI.dll
[0619/192231.485:ERROR:process_memory_win.cc(73)] ReadMemory at 0x7ffd6f300000 of 64 bytes failed: Only part of a ReadProcessMemory or WriteProcessMemory request was completed. (0x12B)
[0619/192231.485:WARNING:pe_image_reader.cc(340)] could not read dos header from C:\Windows\SYSTEM32\WINMM.dll
[0619/192231.485:ERROR:process_memory_win.cc(73)] ReadMemory at 0x7ffd74cc0000 of 64 bytes failed: Only part of a ReadProcessMemory or WriteProcessMemory request was completed. (0x12B)
[0619/192231.485:WARNING:pe_image_reader.cc(340)] could not read dos header from C:\Windows\SYSTEM32\USERENV.dll
[0619/192231.485:ERROR:process_memory_win.cc(73)] ReadMemory at 0x7ffd78520000 of 64 bytes failed: Only part of a ReadProcessMemory or WriteProcessMemory request was completed. (0x12B)
[0619/192231.485:WARNING:pe_image_reader.cc(340)] could not read dos header from C:\Windows\system32\msvcrt.dll
[0619/192231.485:ERROR:process_memory_win.cc(73)] ReadMemory at 0x35f4fb0000 of 64 bytes failed: Only part of a ReadProcessMemory or WriteProcessMemory request was completed. (0x12B)
[0619/192231.485:WARNING:pe_image_reader.cc(340)] could not read dos header from C:\Windows\SYSTEM32\combase.dll
[0619/192231.485:ERROR:process_memory_win.cc(73)] ReadMemory at 0x7ffd77f80000 of 64 bytes failed: Only part of a ReadProcessMemory or WriteProcessMemory request was completed. (0x12B)
[0619/192231.485:WARNING:pe_image_reader.cc(340)] could not read dos header from C:\Windows\system32\GDI32.dll
[0619/192231.485:ERROR:process_memory_win.cc(73)] ReadMemory at 0x7ffd761d0000 of 64 bytes failed: Only part of a ReadProcessMemory or WriteProcessMemory request was completed. (0x12B)
[0619/192231.485:WARNING:pe_image_reader.cc(340)] could not read dos header from C:\Windows\SYSTEM32\sechost.dll
[0619/192231.485:ERROR:process_memory_win.cc(73)] ReadMemory at 0x7ffd77d20000 of 64 bytes failed: Only part of a ReadProcessMemory or WriteProcessMemory request was completed. (0x12B)
[0619/192231.485:WARNING:pe_image_reader.cc(340)] could not read dos header from C:\Windows\system32\RPCRT4.dll
[0619/192231.485:ERROR:process_memory_win.cc(73)] ReadMemory at 0x7ffd6ee10000 of 64 bytes failed: Only part of a ReadProcessMemory or WriteProcessMemory request was completed. (0x12B)
[0619/192231.485:WARNING:pe_image_reader.cc(340)] could not read dos header from C:\Windows\SYSTEM32\WINMMBASE.dll
[0619/192231.485:ERROR:process_memory_win.cc(73)] ReadMemory at 0x7ffd75700000 of 64 bytes failed: Only part of a ReadProcessMemory or WriteProcessMemory request was completed. (0x12B)
[0619/192231.485:WARNING:pe_image_reader.cc(340)] could not read dos header from C:\Windows\SYSTEM32\profapi.dll
[0619/192231.485:ERROR:process_memory_win.cc(73)] ReadMemory at 0x7ffd75b10000 of 64 bytes failed: Only part of a ReadProcessMemory or WriteProcessMemory request was completed. (0x12B)
[0619/192231.485:WARNING:pe_image_reader.cc(340)] could not read dos header from C:\Windows\system32\SspiCli.dll
[0619/192231.485:ERROR:process_memory_win.cc(73)] ReadMemory at 0x7ffd759b0000 of 64 bytes failed: Only part of a ReadProcessMemory or WriteProcessMemory request was completed. (0x12B)
[0619/192231.485:WARNING:pe_image_reader.cc(340)] could not read dos header from C:\Windows\SYSTEM32\cfgmgr32.dll
[0619/192231.485:ERROR:process_memory_win.cc(73)] ReadMemory at 0x7ffd74510000 of 64 bytes failed: Only part of a ReadProcessMemory or WriteProcessMemory request was completed. (0x12B)
[0619/192231.485:WARNING:pe_image_reader.cc(340)] could not read dos header from C:\Windows\SYSTEM32\DEVOBJ.dll
[0619/192231.485:ERROR:process_memory_win.cc(73)] ReadMemory at 0x7ffd755d0000 of 64 bytes failed: Only part of a ReadProcessMemory or WriteProcessMemory request was completed. (0x12B)
[0619/192231.485:WARNING:pe_image_reader.cc(340)] could not read dos header from C:\Windows\SYSTEM32\CRYPTBASE.DLL
[0619/192231.485:ERROR:process_memory_win.cc(73)] ReadMemory at 0x7ffd75560000 of 64 bytes failed: Only part of a ReadProcessMemory or WriteProcessMemory request was completed. (0x12B)
[0619/192231.485:WARNING:pe_image_reader.cc(340)] could not read dos header from C:\Windows\SYSTEM32\bcryptPrimitives.dll
[0619/192231.485:ERROR:process_memory_win.cc(73)] ReadMemory at 0x7ffd780e0000 of 64 bytes failed: Only part of a ReadProcessMemory or WriteProcessMemory request was completed. (0x12B)
[0619/192231.485:WARNING:pe_image_reader.cc(340)] could not read dos header from C:\Windows\system32\IMM32.DLL
[0619/192231.485:ERROR:process_memory_win.cc(73)] ReadMemory at 0x7ffd77a40000 of 64 bytes failed: Only part of a ReadProcessMemory or WriteProcessMemory request was completed. (0x12B)
[0619/192231.485:WARNING:pe_image_reader.cc(340)] could not read dos header from C:\Windows\system32\MSCTF.dll
[0619/192231.485:ERROR:process_memory_win.cc(73)] ReadMemory at 0x7ffd710f0000 of 64 bytes failed: Only part of a ReadProcessMemory or WriteProcessMemory request was completed. (0x12B)
[0619/192231.485:WARNING:pe_image_reader.cc(340)] could not read dos header from C:\Windows\SYSTEM32\shcore.dll
[0619/192231.485:ERROR:process_memory_win.cc(73)] ReadMemory at 0x7ffd2c320000 of 64 bytes failed: Only part of a ReadProcessMemory or WriteProcessMemory request was completed. (0x12B)
[0619/192231.485:WARNING:pe_image_reader.cc(340)] could not read dos header from C:\Program Files (x86)\Google\Chrome\Application\74.0.3729.169\chrome_child.dll
[0619/192231.485:ERROR:process_memory_win.cc(73)] ReadMemory at 0x7ffd78120000 of 64 bytes failed: Only part of a ReadProcessMemory or WriteProcessMemory request was completed. (0x12B)
[0619/192231.485:WARNING:pe_image_reader.cc(340)] could not read dos header from C:\Windows\system32\WS2_32.dll
[0619/192231.485:ERROR:process_memory_win.cc(73)] ReadMemory at 0x7ffd70720000 of 64 bytes failed: Only part of a ReadProcessMemory or WriteProcessMemory request was completed. (0x12B)
[0619/192231.485:WARNING:pe_image_reader.cc(340)] could not read dos header from C:\Windows\SYSTEM32\IPHLPAPI.DLL
[0619/192231.485:ERROR:process_memory_win.cc(73)] ReadMemory at 0x7ffd762a0000 of 64 bytes failed: Only part of a ReadProcessMemory or WriteProcessMemory request was completed. (0x12B)
[0619/192231.485:WARNING:pe_image_reader.cc(340)] could not read dos header from C:\Windows\system32\ole32.dll
[0619/192231.485:ERROR:process_memory_win.cc(73)] ReadMemory at 0x7ffd77970000 of 64 bytes failed: Only part of a ReadProcessMemory or WriteProcessMemory request was completed. (0x12B)
[0619/192231.485:WARNING:pe_image_reader.cc(340)] could not read dos header from C:\Windows\system32\OLEAUT32.dll
[0619/192231.485:ERROR:process_memory_win.cc(73)] ReadMemory at 0x7ffd6ef50000 of 64 bytes failed: Only part of a ReadProcessMemory or WriteProcessMemory request was completed. (0x12B)
[0619/192231.485:WARNING:pe_image_reader.cc(340)] could not read dos header from C:\Windows\SYSTEM32\OLEACC.dll
[0619/192231.485:ERROR:process_memory_win.cc(73)] ReadMemory at 0x7ffd5f040000 of 64 bytes failed: Only part of a ReadProcessMemory or WriteProcessMemory request was completed. (0x12B)
[0619/192231.485:WARNING:pe_image_reader.cc(340)] could not read dos header from C:\Windows\SYSTEM32\UIAutomationCore.DLL
[0619/192231.485:ERROR:process_memory_win.cc(73)] ReadMemory at 0x7ffd73090000 of 64 bytes failed: Only part of a ReadProcessMemory or WriteProcessMemory request was completed. (0x12B)
[0619/192231.485:WARNING:pe_image_reader.cc(340)] could not read dos header from C:\Windows\SYSTEM32\WTSAPI32.dll
[0619/192231.485:ERROR:process_memory_win.cc(73)] ReadMemory at 0x7ffd75ab0000 of 64 bytes failed: Only part of a ReadProcessMemory or WriteProcessMemory request was completed. (0x12B)
[0619/192231.485:WARNING:pe_image_reader.cc(340)] could not read dos header from C:\Windows\system32\WINTRUST.dll
[0619/192231.485:ERROR:process_memory_win.cc(73)] ReadMemory at 0x7ffd757d0000 of 64 bytes failed: Only part of a ReadProcessMemory or WriteProcessMemory request was completed. (0x12B)
[0619/192231.485:WARNING:pe_image_reader.cc(340)] could not read dos header from C:\Windows\system32\CRYPT32.dll
[0619/192231.485:ERROR:process_memory_win.cc(73)] ReadMemory at 0x7ffd6f6b0000 of 64 bytes failed: Only part of a ReadProcessMemory or WriteProcessMemory request was completed. (0x12B)
[0619/192231.485:WARNING:pe_image_reader.cc(340)] could not read dos header from C:\Windows\SYSTEM32\DWrite.dll
[0619/192231.485:ERROR:process_memory_win.cc(73)] ReadMemory at 0x7ffd730b0000 of 64 bytes failed: Only part of a ReadProcessMemory or WriteProcessMemory request was completed. (0x12B)
[0619/192231.485:WARNING:pe_image_reader.cc(340)] could not read dos header from C:\Windows\SYSTEM32\dxgi.dll
[0619/192231.485:ERROR:process_memory_win.cc(73)] ReadMemory at 0x7ffd65f80000 of 64 bytes failed: Only part of a ReadProcessMemory or WriteProcessMemory request was completed. (0x12B)
[0619/192231.485:WARNING:pe_image_reader.cc(340)] could not read dos header from C:\Windows\SYSTEM32\WINSPOOL.DRV
[0619/192231.485:ERROR:process_memory_win.cc(73)] ReadMemory at 0x7ffd73550000 of 64 bytes failed: Only part of a ReadProcessMemory or WriteProcessMemory request was completed. (0x12B)
[0619/192231.485:WARNING:pe_image_reader.cc(340)] could not read dos header from C:\Windows\SYSTEM32\dbghelp.dll
[0619/192231.485:ERROR:process_memory_win.cc(73)] ReadMemory at 0x7ffd75c60000 of 64 bytes failed: Only part of a ReadProcessMemory or WriteProcessMemory request was completed. (0x12B)
[0619/192231.485:WARNING:pe_image_reader.cc(340)] could not read dos header from C:\Windows\system32\COMDLG32.dll
[0619/192231.485:ERROR:process_memory_win.cc(73)] ReadMemory at 0x7ffd6f230000 of 64 bytes failed: Only part of a ReadProcessMemory or WriteProcessMemory request was completed. (0x12B)
[0619/192231.485:WARNING:pe_image_reader.cc(340)] could not read dos header from C:\Windows\SYSTEM32\USP10.dll
[0619/192231.485:ERROR:process_memory_win.cc(73)] ReadMemory at 0x7ffd69040000 of 64 bytes failed: Only part of a ReadProcessMemory or WriteProcessMemory request was completed. (0x12B)
[0619/192231.485:WARNING:pe_image_reader.cc(340)] could not read dos header from C:\Windows\SYSTEM32\WINHTTP.dll
[0619/192231.485:ERROR:process_memory_win.cc(73)] ReadMemory at 0x7ffd6e010000 of 64 bytes failed: Only part of a ReadProcessMemory or WriteProcessMemory request was completed. (0x12B)
[0619/192231.485:WARNING:pe_image_reader.cc(340)] could not read dos header from C:\Windows\SYSTEM32\urlmon.dll
[0619/192231.485:ERROR:process_memory_win.cc(73)] ReadMemory at 0x7ffd63210000 of 64 bytes failed: Only part of a ReadProcessMemory or WriteProcessMemory request was completed. (0x12B)
[0619/192231.485:WARNING:pe_image_reader.cc(340)] could not read dos header from C:\Windows\SYSTEM32\Secur32.dll
[0619/192231.485:ERROR:process_memory_win.cc(73)] ReadMemory at 0x7ffd70360000 of 64 bytes failed: Only part of a ReadProcessMemory or WriteProcessMemory request was completed. (0x12B)
[0619/192231.485:WARNING:pe_image_reader.cc(340)] could not read dos header from C:\Windows\SYSTEM32\dhcpcsvc.DLL
[0619/192231.485:ERROR:process_memory_win.cc(73)] ReadMemory at 0x7ffd75d20000 of 64 bytes failed: Only part of a ReadProcessMemory or WriteProcessMemory request was completed. (0x12B)
[0619/192231.485:WARNING:pe_image_reader.cc(340)] could not read dos header from C:\Windows\system32\NSI.dll
[0619/192231.485:ERROR:process_memory_win.cc(73)] ReadMemory at 0x7ffd70700000 of 64 bytes failed: Only part of a ReadProcessMemory or WriteProcessMemory request was completed. (0x12B)
[0619/192231.485:WARNING:pe_image_reader.cc(340)] could not read dos header from C:\Windows\SYSTEM32\WINNSI.DLL
[0619/192231.485:ERROR:process_memory_win.cc(73)] ReadMemory at 0x7ffd757b0000 of 64 bytes failed: Only part of a ReadProcessMemory or WriteProcessMemory request was completed. (0x12B)
[0619/192231.485:WARNING:pe_image_reader.cc(340)] could not read dos header from C:\Windows\system32\MSASN1.dll
[0619/192231.485:ERROR:process_memory_win.cc(73)] ReadMemory at 0x7ffd70ac0000 of 64 bytes failed: Only part of a ReadProcessMemory or WriteProcessMemory request was completed. (0x12B)
[0619/192231.485:WARNING:pe_image_reader.cc(340)] could not read dos header from C:\Windows\WinSxS\amd64_microsoft.windows.common-controls_6595b64144ccf1df_6.0.9600.19371_none_6246a93becb7b63e\COMCTL32.dll
[0619/192231.485:ERROR:process_memory_win.cc(73)] ReadMemory at 0x7ffd6e2c0000 of 64 bytes failed: Only part of a ReadProcessMemory or WriteProcessMemory request was completed. (0x12B)
[0619/192231.485:WARNING:pe_image_reader.cc(340)] could not read dos header from C:\Windows\SYSTEM32\iertutil.dll
[0619/192231.485:ERROR:process_memory_win.cc(73)] ReadMemory at 0x7ffd6dab0000 of 64 bytes failed: Only part of a ReadProcessMemory or WriteProcessMemory request was completed. (0x12B)
[0619/192231.485:WARNING:pe_image_reader.cc(340)] could not read dos header from C:\Windows\SYSTEM32\WININET.dll
[0619/192231.485:ERROR:process_memory_win.cc(73)] ReadMemory at 0x7ffd74560000 of 64 bytes failed: Only part of a ReadProcessMemory or WriteProcessMemory request was completed. (0x12B)
[0619/192231.485:WARNING:pe_image_reader.cc(340)] could not read dos header from C:\Windows\SYSTEM32\kernel.appcore.dll
[0619/192231.485:ERROR:process_memory_win.cc(73)] ReadMemory at 0x7ffd78180000 of 64 bytes failed: Only part of a ReadProcessMemory or WriteProcessMemory request was completed. (0x12B)
[0619/192231.485:WARNING:pe_image_reader.cc(340)] could not read dos header from C:\Windows\system32\SETUPAPI.dll
[0619/192231.485:ERROR:process_memory_win.cc(73)] ReadMemory at 0x7ffd561f0000 of 64 bytes failed: Only part of a ReadProcessMemory or WriteProcessMemory request was completed. (0x12B)
[0619/192231.485:WARNING:pe_image_reader.cc(340)] could not read dos header from C:\Windows\SYSTEM32\mf.dll
[0619/192231.485:ERROR:process_memory_win.cc(73)] ReadMemory at 0x7ffd51ae0000 of 64 bytes failed: Only part of a ReadProcessMemory or WriteProcessMemory request was completed. (0x12B)
[0619/192231.485:WARNING:pe_image_reader.cc(340)] could not read dos header from C:\Windows\SYSTEM32\mfplat.dll
[0619/192231.485:ERROR:process_memory_win.cc(73)] ReadMemory at 0x7ffd51fb0000 of 64 bytes failed: Only part of a ReadProcessMemory or WriteProcessMemory request was completed. (0x12B)
[0619/192231.485:WARNING:pe_image_reader.cc(340)] could not read dos header from C:\Windows\SYSTEM32\RTWorkQ.DLL
[0619/192231.485:ERROR:process_memory_win.cc(73)] ReadMemory at 0x7ffd73380000 of 64 bytes failed: Only part of a ReadProcessMemory or WriteProcessMemory request was completed. (0x12B)
[0619/192231.485:WARNING:pe_image_reader.cc(340)] could not read dos header from C:\Windows\SYSTEM32\AVRT.dll
[0619/192231.485:ERROR:process_memory_win.cc(73)] ReadMemory at 0x7ffd44ea0000 of 64 bytes failed: Only part of a ReadProcessMemory or WriteProcessMemory request was completed. (0x12B)
[0619/192231.485:WARNING:pe_image_reader.cc(340)] could not read dos header from C:\Windows\SYSTEM32\msmpeg2vdec.dll
[0619/192231.485:ERROR:process_memory_win.cc(73)] ReadMemory at 0x7ffd74f90000 of 64 bytes failed: Only part of a ReadProcessMemory or WriteProcessMemory request was completed. (0x12B)
[0619/192231.485:WARNING:pe_image_reader.cc(340)] could not read dos header from C:\Windows\SYSTEM32\CRYPTSP.dll
[0619/192231.485:ERROR:process_memory_win.cc(73)] ReadMemory at 0x7ffd751e0000 of 64 bytes failed: Only part of a ReadProcessMemory or WriteProcessMemory request was completed. (0x12B)
[0619/192231.485:WARNING:pe_image_reader.cc(340)] could not read dos header from C:\Windows\SYSTEM32\bcrypt.dll
[0619/192231.485:ERROR:process_memory_win.cc(73)] ReadMemory at 0x7ffd5d5f0000 of 64 bytes failed: Only part of a ReadProcessMemory or WriteProcessMemory request was completed. (0x12B)
[0619/192231.485:WARNING:pe_image_reader.cc(340)] could not read dos header from C:\Windows\SYSTEM32\dxva2.dll
[0619/192231.485:ERROR:process_memory_win.cc(73)] ReadMemory at 0x7ffd56180000 of 64 bytes failed: Only part of a ReadProcessMemory or WriteProcessMemory request was completed. (0x12B)
[0619/192231.485:WARNING:pe_image_reader.cc(340)] could not read dos header from C:\Windows\SYSTEM32\msvproc.dll
[0619/192231.485:ERROR:process_memory_win.cc(73)] ReadMemory at 0x7ffd471c0000 of 64 bytes failed: Only part of a ReadProcessMemory or WriteProcessMemory request was completed. (0x12B)
[0619/192231.485:WARNING:pe_image_reader.cc(340)] could not read dos header from C:\Windows\SYSTEM32\D3DCompiler_47.dll
[0619/192231.485:ERROR:process_memory_win.cc(73)] ReadMemory at 0x7ffd45dc0000 of 64 bytes failed: Only part of a ReadProcessMemory or WriteProcessMemory request was completed. (0x12B)
[0619/192231.485:WARNING:pe_image_reader.cc(340)] could not read dos header from C:\Program Files (x86)\Google\Chrome\Application\74.0.3729.169\libglesv2.dll
[0619/192231.485:ERROR:process_memory_win.cc(73)] ReadMemory at 0x7ffd46a40000 of 64 bytes failed: Only part of a ReadProcessMemory or WriteProcessMemory request was completed. (0x12B)
[0619/192231.485:WARNING:pe_image_reader.cc(340)] could not read dos header from C:\Windows\SYSTEM32\d3d9.dll
[0619/192231.485:ERROR:process_memory_win.cc(73)] ReadMemory at 0x7ffd70e80000 of 64 bytes failed: Only part of a ReadProcessMemory or WriteProcessMemory request was completed. (0x12B)
[0619/192231.485:WARNING:pe_image_reader.cc(340)] could not read dos header from C:\Windows\SYSTEM32\dwmapi.dll
[0619/192231.485:ERROR:process_memory_win.cc(73)] ReadMemory at 0x7ffd6fe20000 of 64 bytes failed: Only part of a ReadProcessMemory or WriteProcessMemory request was completed. (0x12B)
[0619/192231.485:WARNING:pe_image_reader.cc(340)] could not read dos header from C:\Program Files (x86)\Google\Chrome\Application\74.0.3729.169\libegl.dll
[0619/192231.485:ERROR:process_memory_win.cc(73)] ReadMemory at 0x7ffd73140000 of 64 bytes failed: Only part of a ReadProcessMemory or WriteProcessMemory request was completed. (0x12B)
[0619/192231.485:WARNING:pe_image_reader.cc(340)] could not read dos header from C:\Windows\SYSTEM32\d3d11.dll
[0619/192231.485:ERROR:process_memory_win.cc(73)] ReadMemory at 0x7ffd737c0000 of 64 bytes failed: Only part of a ReadProcessMemory or WriteProcessMemory request was completed. (0x12B)
[0619/192231.485:WARNING:pe_image_reader.cc(340)] could not read dos header from C:\Windows\SYSTEM32\dcomp.dll
[0619/192231.485:ERROR:process_memory_win.cc(73)] ReadMemory at 0x7ffd72790000 of 64 bytes failed: Only part of a ReadProcessMemory or WriteProcessMemory request was completed. (0x12B)
[0619/192231.485:WARNING:pe_image_reader.cc(340)] could not read dos header from C:\Windows\SYSTEM32\igd10iumd64.dll
[0619/192231.485:ERROR:process_memory_win.cc(73)] ReadMemory at 0x7ffd72750000 of 64 bytes failed: Only part of a ReadProcessMemory or WriteProcessMemory request was completed. (0x12B)
[0619/192231.485:WARNING:pe_image_reader.cc(340)] could not read dos header from C:\Windows\SYSTEM32\d3d10_1.dll
[0619/192231.485:ERROR:process_memory_win.cc(73)] ReadMemory at 0x7ffd751b0000 of 64 bytes failed: Only part of a ReadProcessMemory or WriteProcessMemory request was completed. (0x12B)
[0619/192231.485:WARNING:pe_image_reader.cc(340)] could not read dos header from C:\Windows\SYSTEM32\ncrypt.dll
[0619/192231.485:ERROR:process_memory_win.cc(73)] ReadMemory at 0x7ffd726e0000 of 64 bytes failed: Only part of a ReadProcessMemory or WriteProcessMemory request was completed. (0x12B)
[0619/192231.485:WARNING:pe_image_reader.cc(340)] could not read dos header from C:\Windows\SYSTEM32\d3d10_1core.dll
[0619/192231.485:ERROR:process_memory_win.cc(73)] ReadMemory at 0x7ffd75170000 of 64 bytes failed: Only part of a ReadProcessMemory or WriteProcessMemory request was completed. (0x12B)
[0619/192231.485:WARNING:pe_image_reader.cc(340)] could not read dos header from C:\Windows\SYSTEM32\NTASN1.dll
[0619/192231.485:ERROR:process_memory_win.cc(73)] ReadMemory at 0x7ffd71cf0000 of 64 bytes failed: Only part of a ReadProcessMemory or WriteProcessMemory request was completed. (0x12B)
[0619/192231.485:WARNING:pe_image_reader.cc(340)] could not read dos header from C:\Windows\SYSTEM32\igdusc64.dll
[0619/192231.485:ERROR:process_memory_win.cc(73)] ReadMemory at 0x7ffd76110000 of 64 bytes failed: Only part of a ReadProcessMemory or WriteProcessMemory request was completed. (0x12B)
[0619/192231.485:WARNING:pe_image_reader.cc(340)] could not read dos header from C:\Windows\SYSTEM32\clbcatq.dll
[0619/192231.485:ERROR:process_memory_win.cc(73)] ReadMemory at 0x7ffd436b0000 of 64 bytes failed: Only part of a ReadProcessMemory or WriteProcessMemory request was completed. (0x12B)
[0619/192231.485:WARNING:pe_image_reader.cc(340)] could not read dos header from C:\Windows\System32\mfh264enc.dll
[0619/192231.907:ERROR:process_memory_win.cc(73)] ReadMemory at 0x35f4c23000 of 53248 bytes failed: Only part of a ReadProcessMemory or WriteProcessMemory request was completed. (0x12B)
[0619/192231.907:ERROR:process_memory_win.cc(73)] ReadMemory at 0x35f804d000 of 12288 bytes failed: Only part of a ReadProcessMemory or WriteProcessMemory request was completed. (0x12B)
[0619/192231.907:ERROR:process_memory_win.cc(73)] ReadMemory at 0x35f8a4d000 of 12288 bytes failed: Only part of a ReadProcessMemory or WriteProcessMemory request was completed. (0x12B)
[0619/192231.907:ERROR:process_memory_win.cc(73)] ReadMemory at 0x35f8c4d000 of 12288 bytes failed: Only part of a ReadProcessMemory or WriteProcessMemory request was completed. (0x12B)
[0619/192231.907:ERROR:process_memory_win.cc(73)] ReadMemory at 0x35f8e4d000 of 12288 bytes failed: Only part of a ReadProcessMemory or WriteProcessMemory request was completed. (0x12B)
[0619/192231.907:ERROR:process_memory_win.cc(73)] ReadMemory at 0x35f904c000 of 16384 bytes failed: Only part of a ReadProcessMemory or WriteProcessMemory request was completed. (0x12B)
[0619/192231.907:ERROR:process_memory_win.cc(73)] ReadMemory at 0x35f924e000 of 8192 bytes failed: Only part of a ReadProcessMemory or WriteProcessMemory request was completed. (0x12B)
[0619/192231.907:ERROR:process_memory_win.cc(73)] ReadMemory at 0x35f944c000 of 16384 bytes failed: Only part of a ReadProcessMemory or WriteProcessMemory request was completed. (0x12B)
[0619/192231.907:ERROR:process_memory_win.cc(73)] ReadMemory at 0x35f964f000 of 4096 bytes failed: Only part of a ReadProcessMemory or WriteProcessMemory request was completed. (0x12B)
[0619/192231.907:ERROR:process_memory_win.cc(73)] ReadMemory at 0x3583b3f000 of 4096 bytes failed: Only part of a ReadProcessMemory or WriteProcessMemory request was completed. (0x12B)
[0619/192231.907:ERROR:process_memory_win.cc(73)] ReadMemory at 0x3583d36000 of 40960 bytes failed: Only part of a ReadProcessMemory or WriteProcessMemory request was completed. (0x12B)
[0619/192231.907:ERROR:process_memory_win.cc(73)] ReadMemory at 0x3583f36000 of 40960 bytes failed: Only part of a ReadProcessMemory or WriteProcessMemory request was completed. (0x12B)
[0619/192231.907:ERROR:process_memory_win.cc(73)] ReadMemory at 0x3584136000 of 40960 bytes failed: Only part of a ReadProcessMemory or WriteProcessMemory request was completed. (0x12B)
[0619/192231.907:ERROR:process_memory_win.cc(73)] ReadMemory at 0x3584336000 of 40960 bytes failed: Only part of a ReadProcessMemory or WriteProcessMemory request was completed. (0x12B)
[0619/192231.907:ERROR:process_memory_win.cc(73)] ReadMemory at 0x358453e000 of 8192 bytes failed: Only part of a ReadProcessMemory or WriteProcessMemory request was completed. (0x12B)
[0619/192231.907:ERROR:process_memory_win.cc(73)] ReadMemory at 0x358473e000 of 8192 bytes failed: Only part of a ReadProcessMemory or WriteProcessMemory request was completed. (0x12B)
[0619/192231.907:ERROR:process_memory_win.cc(73)] ReadMemory at 0x3584936000 of 40960 bytes failed: Only part of a ReadProcessMemory or WriteProcessMemory request was completed. (0x12B)
[0619/192231.907:ERROR:process_memory_win.cc(73)] ReadMemory at 0x35861fc000 of 16384 bytes failed: Only part of a ReadProcessMemory or WriteProcessMemory request was completed. (0x12B)
[0619/192231.907:ERROR:process_memory_win.cc(73)] ReadMemory at 0x35812ea7f0 of 512 bytes failed: Only part of a ReadProcessMemory or WriteProcessMemory request was completed. (0x12B)
[0619/192231.907:ERROR:process_memory_win.cc(73)] ReadMemory at 0x35812eb0e0 of 512 bytes failed: Only part of a ReadProcessMemory or WriteProcessMemory request was completed. (0x12B)
[0619/192231.907:ERROR:process_memory_win.cc(73)] ReadMemory at 0x35812eb460 of 512 bytes failed: Only part of a ReadProcessMemory or WriteProcessMemory request was completed. (0x12B)
[0619/192231.907:ERROR:process_memory_win.cc(73)] ReadMemory at 0x3582f4b020 of 512 bytes failed: Only part of a ReadProcessMemory or WriteProcessMemory request was completed. (0x12B)
[0619/192231.907:ERROR:process_memory_win.cc(73)] ReadMemory at 0x3582f4b3a0 of 512 bytes failed: Only part of a ReadProcessMemory or WriteProcessMemory request was completed. (0x12B)
[0619/192231.907:ERROR:process_memory_win.cc(73)] ReadMemory at 0x3582f50630 of 512 bytes failed: Only part of a ReadProcessMemory or WriteProcessMemory request was completed. (0x12B)
[0619/192231.907:ERROR:process_memory_win.cc(73)] ReadMemory at 0x3582f509b0 of 512 bytes failed: Only part of a ReadProcessMemory or WriteProcessMemory request was completed. (0x12B)
[0619/192231.907:ERROR:process_memory_win.cc(73)] ReadMemory at 0x3582f55c20 of 512 bytes failed: Only part of a ReadProcessMemory or WriteProcessMemory request was completed. (0x12B)
[0619/192231.907:ERROR:process_memory_win.cc(73)] ReadMemory at 0x3582f5eb10 of 512 bytes failed: Only part of a ReadProcessMemory or WriteProcessMemory request was completed. (0x12B)
[0619/192231.907:ERROR:process_memory_win.cc(73)] ReadMemory at 0x3582f67170 of 512 bytes failed: Only part of a ReadProcessMemory or WriteProcessMemory request was completed. (0x12B)
[0619/192231.907:ERROR:process_memory_win.cc(73)] ReadMemory at 0x3582f674f0 of 512 bytes failed: Only part of a ReadProcessMemory or WriteProcessMemory request was completed. (0x12B)
[0619/192231.907:ERROR:process_memory_win.cc(73)] ReadMemory at 0x3582f89080 of 512 bytes failed: Only part of a ReadProcessMemory or WriteProcessMemory request was completed. (0x12B)
[0619/192231.907:ERROR:process_memory_win.cc(73)] ReadMemory at 0x3582f89400 of 512 bytes failed: Only part of a ReadProcessMemory or WriteProcessMemory request was completed. (0x12B)
[0619/192231.907:ERROR:process_memory_win.cc(73)] ReadMemory at 0x3582f945d0 of 512 bytes failed: Only part of a ReadProcessMemory or WriteProcessMemory request was completed. (0x12B)
[0619/192231.907:ERROR:process_memory_win.cc(73)] ReadMemory at 0x3582f94970 of 512 bytes failed: Only part of a ReadProcessMemory or WriteProcessMemory request was completed. (0x12B)
[0619/192231.907:ERROR:process_memory_win.cc(73)] ReadMemory at 0x3582f94cf0 of 512 bytes failed: Only part of a ReadProcessMemory or WriteProcessMemory request was completed. (0x12B)
[0619/192231.907:ERROR:process_memory_win.cc(73)] ReadMemory at 0x3582f95b90 of 512 bytes failed: Only part of a ReadProcessMemory or WriteProcessMemory request was completed. (0x12B)
[0619/192231.907:ERROR:process_memory_win.cc(73)] ReadMemory at 0x3582f961e0 of 512 bytes failed: Only part of a ReadProcessMemory or WriteProcessMemory request was completed. (0x12B)
[0619/192231.907:ERROR:process_memory_win.cc(73)] ReadMemory at 0x35882722d0 of 512 bytes failed: Only part of a ReadProcessMemory or WriteProcessMemory request was completed. (0x12B)
[0619/192231.907:ERROR:process_memory_win.cc(73)] ReadMemory at 0x35886269c8 of 512 bytes failed: Only part of a ReadProcessMemory or WriteProcessMemory request was completed. (0x12B)
[0619/192231.907:ERROR:process_memory_win.cc(73)] ReadMemory at 0x3588627330 of 512 bytes failed: Only part of a ReadProcessMemory or WriteProcessMemory request was completed. (0x12B)
[0619/192231.907:ERROR:process_memory_win.cc(73)] ReadMemory at 0x358b1e7000 of 576 bytes failed: Only part of a ReadProcessMemory or WriteProcessMemory request was completed. (0x12B)
[0619/192231.907:ERROR:process_memory_win.cc(73)] ReadMemory at 0x358b1e74f8 of 512 bytes failed: Only part of a ReadProcessMemory or WriteProcessMemory request was completed. (0x12B)
[0619/192231.907:ERROR:process_memory_win.cc(73)] ReadMemory at 0x358b1f0da0 of 512 bytes failed: Only part of a ReadProcessMemory or WriteProcessMemory request was completed. (0x12B)
[0619/192231.907:ERROR:process_memory_win.cc(73)] ReadMemory at 0x35f4d00c40 of 512 bytes failed: Only part of a ReadProcessMemory or WriteProcessMemory request was completed. (0x12B)
[0619/192231.907:ERROR:process_memory_win.cc(73)] ReadMemory at 0x35f4d80780 of 62 bytes failed: Only part of a ReadProcessMemory or WriteProcessMemory request was completed. (0x12B)
[0619/192231.907:ERROR:process_memory_win.cc(73)] ReadMemory at 0x35f4d80860 of 4210 bytes failed: Only part of a ReadProcessMemory or WriteProcessMemory request was completed. (0x12B)
[0619/192231.907:ERROR:process_memory_win.cc(73)] ReadMemory at 0x35f4d818e0 of 1012 bytes failed: Only part of a ReadProcessMemory or WriteProcessMemory request was completed. (0x12B)
[0619/192231.907:ERROR:process_memory_win.cc(73)] ReadMemory at 0x35f4d81ef8 of 118 bytes failed: Only part of a ReadProcessMemory or WriteProcessMemory request was completed. (0x12B)
[0619/192231.907:ERROR:process_memory_win.cc(73)] ReadMemory at 0x35f4d81f70 of 988 bytes failed: Only part of a ReadProcessMemory or WriteProcessMemory request was completed. (0x12B)
[0619/192231.907:ERROR:process_memory_win.cc(73)] ReadMemory at 0x35f4d8234e of 118 bytes failed: Only part of a ReadProcessMemory or WriteProcessMemory request was completed. (0x12B)
[0619/192231.907:ERROR:process_memory_win.cc(73)] ReadMemory at 0x35f4d823c6 of 30 bytes failed: Only part of a ReadProcessMemory or WriteProcessMemory request was completed. (0x12B)
[0619/192231.907:ERROR:process_memory_win.cc(73)] ReadMemory at 0x35f4d823f0 of 58 bytes failed: Only part of a ReadProcessMemory or WriteProcessMemory request was completed. (0x12B)
[0619/192231.907:ERROR:process_memory_win.cc(73)] ReadMemory at 0x35f4d824f0 of 132 bytes failed: Only part of a ReadProcessMemory or WriteProcessMemory request was completed. (0x12B)
[0619/192231.907:ERROR:process_memory_win.cc(73)] ReadMemory at 0x35f4d82670 of 132 bytes failed: Only part of a ReadProcessMemory or WriteProcessMemory request was completed. (0x12B)
[0619/192231.907:ERROR:process_memory_win.cc(73)] ReadMemory at 0x35f4d82b70 of 64 bytes failed: Only part of a ReadProcessMemory or WriteProcessMemory request was completed. (0x12B)
[0619/192231.907:ERROR:process_memory_win.cc(73)] ReadMemory at 0x35f4d82bc0 of 132 bytes failed: Only part of a ReadProcessMemory or WriteProcessMemory request was completed. (0x12B)
[0619/192231.907:ERROR:process_memory_win.cc(73)] ReadMemory at 0x35f4d82f30 of 68 bytes failed: Only part of a ReadProcessMemory or WriteProcessMemory request was completed. (0x12B)
[0619/192231.907:ERROR:process_memory_win.cc(73)] ReadMemory at 0x35f4d82f80 of 132 bytes failed: Only part of a ReadProcessMemory or WriteProcessMemory request was completed. (0x12B)
[0619/192231.907:ERROR:process_memory_win.cc(73)] ReadMemory at 0x35f4d83d50 of 154 bytes failed: Only part of a ReadProcessMemory or WriteProcessMemory request was completed. (0x12B)
[0619/192231.907:ERROR:process_memory_win.cc(73)] ReadMemory at 0x35f4d83e00 of 132 bytes failed: Only part of a ReadProcessMemory or WriteProcessMemory request was completed. (0x12B)
[0619/192231.907:ERROR:process_memory_win.cc(73)] ReadMemory at 0x35f4d83f20 of 62 bytes failed: Only part of a ReadProcessMemory or WriteProcessMemory request was completed. (0x12B)
[0619/192231.907:ERROR:process_memory_win.cc(73)] ReadMemory at 0x35f4d83f70 of 132 bytes failed: Only part of a ReadProcessMemory or WriteProcessMemory request was completed. (0x12B)
[0619/192231.907:ERROR:process_memory_win.cc(73)] ReadMemory at 0x35f4d84180 of 64 bytes failed: Only part of a ReadProcessMemory or WriteProcessMemory request was completed. (0x12B)
[0619/192231.907:ERROR:process_memory_win.cc(73)] ReadMemory at 0x35f4d841d0 of 132 bytes failed: Only part of a ReadProcessMemory or WriteProcessMemory request was completed. (0x12B)
[0619/192231.907:ERROR:process_memory_win.cc(73)] ReadMemory at 0x35f4d843e0 of 60 bytes failed: Only part of a ReadProcessMemory or WriteProcessMemory request was completed. (0x12B)
[0619/192231.907:ERROR:process_memory_win.cc(73)] ReadMemory at 0x35f4d84430 of 132 bytes failed: Only part of a ReadProcessMemory or WriteProcessMemory request was completed. (0x12B)
[0619/192231.907:ERROR:process_memory_win.cc(73)] ReadMemory at 0x35f4d846f0 of 62 bytes failed: Only part of a ReadProcessMemory or WriteProcessMemory request was completed. (0x12B)
[0619/192231.907:ERROR:process_memory_win.cc(73)] ReadMemory at 0x35f4d84740 of 132 bytes failed: Only part of a ReadProcessMemory or WriteProcessMemory request was completed. (0x12B)
[0619/192231.907:ERROR:process_memory_win.cc(73)] ReadMemory at 0x35f4d84860 of 132 bytes failed: Only part of a ReadProcessMemory or WriteProcessMemory request was completed. (0x12B)
[0619/192231.907:ERROR:process_memory_win.cc(73)] ReadMemory at 0x35f4d84980 of 62 bytes failed: Only part of a ReadProcessMemory or WriteProcessMemory request was completed. (0x12B)
[0619/192231.907:ERROR:process_memory_win.cc(73)] ReadMemory at 0x35f4d84a20 of 58 bytes failed: Only part of a ReadProcessMemory or WriteProcessMemory request was completed. (0x12B)
[0619/192231.907:ERROR:process_memory_win.cc(73)] ReadMemory at 0x35f4d84a70 of 132 bytes failed: Only part of a ReadProcessMemory or WriteProcessMemory request was completed. (0x12B)
[0619/192231.907:ERROR:process_memory_win.cc(73)] ReadMemory at 0x35f4d88320 of 132 bytes failed: Only part of a ReadProcessMemory or WriteProcessMemory request was completed. (0x12B)
[0619/192231.907:ERROR:process_memory_win.cc(73)] ReadMemory at 0x35f4d888f0 of 60 bytes failed: Only part of a ReadProcessMemory or WriteProcessMemory request was completed. (0x12B)
[0619/192231.907:ERROR:process_memory_win.cc(73)] ReadMemory at 0x35f4d88ee0 of 132 bytes failed: Only part of a ReadProcessMemory or WriteProcessMemory request was completed. (0x12B)
[0619/192231.907:ERROR:process_memory_win.cc(73)] ReadMemory at 0x35f4d89050 of 58 bytes failed: Only part of a ReadProcessMemory or WriteProcessMemory request was completed. (0x12B)
[0619/192231.907:ERROR:process_memory_win.cc(73)] ReadMemory at 0x35f4d890a0 of 62 bytes failed: Only part of a ReadProcessMemory or WriteProcessMemory request was completed. (0x12B)
[0619/192231.907:ERROR:process_memory_win.cc(73)] ReadMemory at 0x35f4d890f0 of 64 bytes failed: Only part of a ReadProcessMemory or WriteProcessMemory request was completed. (0x12B)
[0619/192232.063:ERROR:process_memory_win.cc(73)] ReadMemory at 0x35f4d89140 of 58 bytes failed: Only part of a ReadProcessMemory or WriteProcessMemory request was completed. (0x12B)
[0619/192232.063:ERROR:process_memory_win.cc(73)] ReadMemory at 0x35f4d89230 of 60 bytes failed: Only part of a ReadProcessMemory or WriteProcessMemory request was completed. (0x12B)
[0619/192232.063:ERROR:process_memory_win.cc(73)] ReadMemory at 0x35f4d89460 of 62 bytes failed: Only part of a ReadProcessMemory or WriteProcessMemory request was completed. (0x12B)
[0619/192232.063:ERROR:process_memory_win.cc(73)] ReadMemory at 0x35f4d894b0 of 62 bytes failed: Only part of a ReadProcessMemory or WriteProcessMemory request was completed. (0x12B)
[0619/192232.063:ERROR:process_memory_win.cc(73)] ReadMemory at 0x35f4d895f0 of 66 bytes failed: Only part of a ReadProcessMemory or WriteProcessMemory request was completed. (0x12B)
[0619/192232.063:ERROR:process_memory_win.cc(73)] ReadMemory at 0x35f4d89640 of 66 bytes failed: Only part of a ReadProcessMemory or WriteProcessMemory request was completed. (0x12B)
[0619/192232.063:ERROR:process_memory_win.cc(73)] ReadMemory at 0x35f4d89690 of 60 bytes failed: Only part of a ReadProcessMemory or WriteProcessMemory request was completed. (0x12B)
[0619/192232.063:ERROR:process_memory_win.cc(73)] ReadMemory at 0x35f4d89730 of 62 bytes failed: Only part of a ReadProcessMemory or WriteProcessMemory request was completed. (0x12B)
[0619/192232.063:ERROR:process_memory_win.cc(73)] ReadMemory at 0x35f4d89780 of 58 bytes failed: Only part of a ReadProcessMemory or WriteProcessMemory request was completed. (0x12B)
[0619/192232.063:ERROR:process_memory_win.cc(73)] ReadMemory at 0x35f4d89810 of 132 bytes failed: Only part of a ReadProcessMemory or WriteProcessMemory request was completed. (0x12B)
[0619/192232.063:ERROR:process_memory_win.cc(73)] ReadMemory at 0x35f4d899c0 of 132 bytes failed: Only part of a ReadProcessMemory or WriteProcessMemory request was completed. (0x12B)
[0619/192232.063:ERROR:process_memory_win.cc(73)] ReadMemory at 0x35f4d89ef0 of 158 bytes failed: Only part of a ReadProcessMemory or WriteProcessMemory request was completed. (0x12B)
[0619/192232.063:ERROR:process_memory_win.cc(73)] ReadMemory at 0x35f4d89fb0 of 132 bytes failed: Only part of a ReadProcessMemory or WriteProcessMemory request was completed. (0x12B)
[0619/192232.063:ERROR:process_memory_win.cc(73)] ReadMemory at 0x35f4d8a0d0 of 132 bytes failed: Only part of a ReadProcessMemory or WriteProcessMemory request was completed. (0x12B)
[0619/192232.063:ERROR:process_memory_win.cc(73)] ReadMemory at 0x35f4d8a5b0 of 132 bytes failed: Only part of a ReadProcessMemory or WriteProcessMemory request was completed. (0x12B)
[0619/192232.063:ERROR:process_memory_win.cc(73)] ReadMemory at 0x35f4d8a6d0 of 132 bytes failed: Only part of a ReadProcessMemory or WriteProcessMemory request was completed. (0x12B)
[0619/192232.063:ERROR:process_memory_win.cc(73)] ReadMemory at 0x35f4d8a7f0 of 132 bytes failed: Only part of a ReadProcessMemory or WriteProcessMemory request was completed. (0x12B)
[0619/192232.063:ERROR:process_memory_win.cc(73)] ReadMemory at 0x35f4d8a910 of 132 bytes failed: Only part of a ReadProcessMemory or WriteProcessMemory request was completed. (0x12B)
[0619/192232.063:ERROR:process_memory_win.cc(73)] ReadMemory at 0x35f4d8aa30 of 132 bytes failed: Only part of a ReadProcessMemory or WriteProcessMemory request was completed. (0x12B)
[0619/192232.063:ERROR:process_memory_win.cc(73)] ReadMemory at 0x35f4d8ab50 of 132 bytes failed: Only part of a ReadProcessMemory or WriteProcessMemory request was completed. (0x12B)
[0619/192232.063:ERROR:process_memory_win.cc(73)] ReadMemory at 0x35f4d8ac70 of 132 bytes failed: Only part of a ReadProcessMemory or WriteProcessMemory request was completed. (0x12B)
[0619/192232.063:ERROR:process_memory_win.cc(73)] ReadMemory at 0x35f4d8ad90 of 132 bytes failed: Only part of a ReadProcessMemory or WriteProcessMemory request was completed. (0x12B)
[0619/192232.063:ERROR:process_memory_win.cc(73)] ReadMemory at 0x35f4d8aeb0 of 132 bytes failed: Only part of a ReadProcessMemory or WriteProcessMemory request was completed. (0x12B)
[0619/192232.063:ERROR:process_memory_win.cc(73)] ReadMemory at 0x35f4d8afd0 of 132 bytes failed: Only part of a ReadProcessMemory or WriteProcessMemory request was completed. (0x12B)
[0619/192232.063:ERROR:process_memory_win.cc(73)] ReadMemory at 0x35f4d8b0f0 of 132 bytes failed: Only part of a ReadProcessMemory or WriteProcessMemory request was completed. (0x12B)
[0619/192232.063:ERROR:process_memory_win.cc(73)] ReadMemory at 0x35f4d8b210 of 132 bytes failed: Only part of a ReadProcessMemory or WriteProcessMemory request was completed. (0x12B)
[0619/192232.063:ERROR:process_memory_win.cc(73)] ReadMemory at 0x35f4d8b330 of 132 bytes failed: Only part of a ReadProcessMemory or WriteProcessMemory request was completed. (0x12B)
[0619/192232.063:ERROR:process_memory_win.cc(73)] ReadMemory at 0x35f4d8b820 of 54 bytes failed: Only part of a ReadProcessMemory or WriteProcessMemory request was completed. (0x12B)
[0619/192232.063:ERROR:process_memory_win.cc(73)] ReadMemory at 0x35f4d8ccc0 of 80 bytes failed: Only part of a ReadProcessMemory or WriteProcessMemory request was completed. (0x12B)
[0619/192232.063:ERROR:process_memory_win.cc(73)] ReadMemory at 0x35f4d8cde0 of 80 bytes failed: Only part of a ReadProcessMemory or WriteProcessMemory request was completed. (0x12B)
[0619/192232.063:ERROR:process_memory_win.cc(73)] ReadMemory at 0x35f4d8e580 of 512 bytes failed: Only part of a ReadProcessMemory or WriteProcessMemory request was completed. (0x12B)
[0619/192232.063:ERROR:process_memory_win.cc(73)] ReadMemory at 0x35f4d8fbf0 of 64 bytes failed: Only part of a ReadProcessMemory or WriteProcessMemory request was completed. (0x12B)
[0619/192232.063:ERROR:process_memory_win.cc(73)] ReadMemory at 0x35f4d8fc90 of 60 bytes failed: Only part of a ReadProcessMemory or WriteProcessMemory request was completed. (0x12B)
[0619/192232.063:ERROR:process_memory_win.cc(73)] ReadMemory at 0x35f4d8fd30 of 62 bytes failed: Only part of a ReadProcessMemory or WriteProcessMemory request was completed. (0x12B)
[0619/192232.063:ERROR:process_memory_win.cc(73)] ReadMemory at 0x35f4d8fe20 of 58 bytes failed: Only part of a ReadProcessMemory or WriteProcessMemory request was completed. (0x12B)
[0619/192232.063:ERROR:process_memory_win.cc(73)] ReadMemory at 0x35f4d8fe70 of 64 bytes failed: Only part of a ReadProcessMemory or WriteProcessMemory request was completed. (0x12B)
[0619/192232.063:ERROR:process_memory_win.cc(73)] ReadMemory at 0x35f4d8fec0 of 60 bytes failed: Only part of a ReadProcessMemory or WriteProcessMemory request was completed. (0x12B)
[0619/192232.063:ERROR:process_memory_win.cc(73)] ReadMemory at 0x35f4d8ff10 of 62 bytes failed: Only part of a ReadProcessMemory or WriteProcessMemory request was completed. (0x12B)
[0619/192232.063:ERROR:process_memory_win.cc(73)] ReadMemory at 0x35f4d8ff60 of 64 bytes failed: Only part of a ReadProcessMemory or WriteProcessMemory request was completed. (0x12B)
[0619/192232.063:ERROR:process_memory_win.cc(73)] ReadMemory at 0x35f4d8ffb0 of 62 bytes failed: Only part of a ReadProcessMemory or WriteProcessMemory request was completed. (0x12B)
[0619/192232.063:ERROR:process_memory_win.cc(73)] ReadMemory at 0x35f4d90140 of 64 bytes failed: Only part of a ReadProcessMemory or WriteProcessMemory request was completed. (0x12B)
[0619/192232.063:ERROR:process_memory_win.cc(73)] ReadMemory at 0x35f4d901e0 of 60 bytes failed: Only part of a ReadProcessMemory or WriteProcessMemory request was completed. (0x12B)
[0619/192232.063:ERROR:process_memory_win.cc(73)] ReadMemory at 0x35f4d90370 of 60 bytes failed: Only part of a ReadProcessMemory or WriteProcessMemory request was completed. (0x12B)
[0619/192232.063:ERROR:process_memory_win.cc(73)] ReadMemory at 0x35f4d90410 of 62 bytes failed: Only part of a ReadProcessMemory or WriteProcessMemory request was completed. (0x12B)
[0619/192232.063:ERROR:process_memory_win.cc(73)] ReadMemory at 0x35f4d90460 of 64 bytes failed: Only part of a ReadProcessMemory or WriteProcessMemory request was completed. (0x12B)
[0619/192232.063:ERROR:process_memory_win.cc(73)] ReadMemory at 0x35f4d904b0 of 64 bytes failed: Only part of a ReadProcessMemory or WriteProcessMemory request was completed. (0x12B)
[0619/192232.063:ERROR:process_memory_win.cc(73)] ReadMemory at 0x35f4d90500 of 60 bytes failed: Only part of a ReadProcessMemory or WriteProcessMemory request was completed. (0x12B)
[0619/192232.063:ERROR:process_memory_win.cc(73)] ReadMemory at 0x35f4d905f0 of 64 bytes failed: Only part of a ReadProcessMemory or WriteProcessMemory request was completed. (0x12B)
[0619/192232.063:ERROR:process_memory_win.cc(73)] ReadMemory at 0x35f4d90690 of 60 bytes failed: Only part of a ReadProcessMemory or WriteProcessMemory request was completed. (0x12B)
[0619/192232.063:ERROR:process_memory_win.cc(73)] ReadMemory at 0x35f4d906e0 of 58 bytes failed: Only part of a ReadProcessMemory or WriteProcessMemory request was completed. (0x12B)
[0619/192232.063:ERROR:process_memory_win.cc(73)] ReadMemory at 0x35f4d90820 of 60 bytes failed: Only part of a ReadProcessMemory or WriteProcessMemory request was completed. (0x12B)
[0619/192232.079:ERROR:process_memory_win.cc(73)] ReadMemory at 0x35f4d908c0 of 56 bytes failed: Only part of a ReadProcessMemory or WriteProcessMemory request was completed. (0x12B)
[0619/192232.079:ERROR:process_memory_win.cc(73)] ReadMemory at 0x35f4d90960 of 62 bytes failed: Only part of a ReadProcessMemory or WriteProcessMemory request was completed. (0x12B)
[0619/192232.079:ERROR:process_memory_win.cc(73)] ReadMemory at 0x35f4d90a00 of 64 bytes failed: Only part of a ReadProcessMemory or WriteProcessMemory request was completed. (0x12B)
[0619/192232.079:ERROR:process_memory_win.cc(73)] ReadMemory at 0x35f4d93150 of 248 bytes failed: Only part of a ReadProcessMemory or WriteProcessMemory request was completed. (0x12B)
[0619/192232.079:ERROR:process_memory_win.cc(73)] ReadMemory at 0x35f4d93f6c of 512 bytes failed: Only part of a ReadProcessMemory or WriteProcessMemory request was completed. (0x12B)
[0619/192232.079:ERROR:process_memory_win.cc(73)] ReadMemory at 0x35f4d96230 of 132 bytes failed: Only part of a ReadProcessMemory or WriteProcessMemory request was completed. (0x12B)
[0619/192232.079:ERROR:process_memory_win.cc(73)] ReadMemory at 0x35f4d96350 of 132 bytes failed: Only part of a ReadProcessMemory or WriteProcessMemory request was completed. (0x12B)
[0619/192232.079:ERROR:process_memory_win.cc(73)] ReadMemory at 0x35f4d96470 of 132 bytes failed: Only part of a ReadProcessMemory or WriteProcessMemory request was completed. (0x12B)
[0619/192232.079:ERROR:process_memory_win.cc(73)] ReadMemory at 0x35f4d96590 of 132 bytes failed: Only part of a ReadProcessMemory or WriteProcessMemory request was completed. (0x12B)
[0619/192232.079:ERROR:process_memory_win.cc(73)] ReadMemory at 0x35f4d966b0 of 132 bytes failed: Only part of a ReadProcessMemory or WriteProcessMemory request was completed. (0x12B)
[0619/192232.079:ERROR:process_memory_win.cc(73)] ReadMemory at 0x35f4d967d0 of 132 bytes failed: Only part of a ReadProcessMemory or WriteProcessMemory request was completed. (0x12B)
[0619/192232.079:ERROR:process_memory_win.cc(73)] ReadMemory at 0x35f4d968f0 of 132 bytes failed: Only part of a ReadProcessMemory or WriteProcessMemory request was completed. (0x12B)
[0619/192232.079:ERROR:process_memory_win.cc(73)] ReadMemory at 0x35f4d96a10 of 132 bytes failed: Only part of a ReadProcessMemory or WriteProcessMemory request was completed. (0x12B)
[0619/192232.079:ERROR:process_memory_win.cc(73)] ReadMemory at 0x35f4d96b30 of 132 bytes failed: Only part of a ReadProcessMemory or WriteProcessMemory request was completed. (0x12B)
[0619/192232.297:ERROR:process_memory_win.cc(73)] ReadMemory at 0x35f4d96c50 of 132 bytes failed: Only part of a ReadProcessMemory or WriteProcessMemory request was completed. (0x12B)
[0619/192232.297:ERROR:process_memory_win.cc(73)] ReadMemory at 0x35f4d96d70 of 132 bytes failed: Only part of a ReadProcessMemory or WriteProcessMemory request was completed. (0x12B)
[0619/192232.297:ERROR:process_memory_win.cc(73)] ReadMemory at 0x35f4d96e90 of 132 bytes failed: Only part of a ReadProcessMemory or WriteProcessMemory request was completed. (0x12B)
[0619/192232.297:ERROR:process_memory_win.cc(73)] ReadMemory at 0x35f4d96fb0 of 132 bytes failed: Only part of a ReadProcessMemory or WriteProcessMemory request was completed. (0x12B)
[0619/192232.297:ERROR:process_memory_win.cc(73)] ReadMemory at 0x35f4d970d0 of 132 bytes failed: Only part of a ReadProcessMemory or WriteProcessMemory request was completed. (0x12B)
[0619/192232.297:ERROR:process_memory_win.cc(73)] ReadMemory at 0x35f4d971f0 of 132 bytes failed: Only part of a ReadProcessMemory or WriteProcessMemory request was completed. (0x12B)
[0619/192232.297:ERROR:process_memory_win.cc(73)] ReadMemory at 0x35f4d97310 of 132 bytes failed: Only part of a ReadProcessMemory or WriteProcessMemory request was completed. (0x12B)
[0619/192232.297:ERROR:process_memory_win.cc(73)] ReadMemory at 0x35f4d97430 of 132 bytes failed: Only part of a ReadProcessMemory or WriteProcessMemory request was completed. (0x12B)
[0619/192232.297:ERROR:process_memory_win.cc(73)] ReadMemory at 0x35f4d97550 of 132 bytes failed: Only part of a ReadProcessMemory or WriteProcessMemory request was completed. (0x12B)
[0619/192232.297:ERROR:process_memory_win.cc(73)] ReadMemory at 0x35f4d97670 of 132 bytes failed: Only part of a ReadProcessMemory or WriteProcessMemory request was completed. (0x12B)
[0619/192232.297:ERROR:process_memory_win.cc(73)] ReadMemory at 0x35f4d97790 of 132 bytes failed: Only part of a ReadProcessMemory or WriteProcessMemory request was completed. (0x12B)
[0619/192232.297:ERROR:process_memory_win.cc(73)] ReadMemory at 0x35f4d978b0 of 132 bytes failed: Only part of a ReadProcessMemory or WriteProcessMemory request was completed. (0x12B)
[0619/192232.391:ERROR:process_memory_win.cc(73)] ReadMemory at 0x35f4d979d0 of 132 bytes failed: Only part of a ReadProcessMemory or WriteProcessMemory request was completed. (0x12B)
[0619/192232.391:ERROR:process_memory_win.cc(73)] ReadMemory at 0x35f4d97af0 of 132 bytes failed: Only part of a ReadProcessMemory or WriteProcessMemory request was completed. (0x12B)
[0619/192232.391:ERROR:process_memory_win.cc(73)] ReadMemory at 0x35f4d97c10 of 132 bytes failed: Only part of a ReadProcessMemory or WriteProcessMemory request was completed. (0x12B)
[0619/192232.391:ERROR:process_memory_win.cc(73)] ReadMemory at 0x35f4d97d30 of 132 bytes failed: Only part of a ReadProcessMemory or WriteProcessMemory request was completed. (0x12B)
[0619/192232.391:ERROR:process_memory_win.cc(73)] ReadMemory at 0x35f4d97e50 of 132 bytes failed: Only part of a ReadProcessMemory or WriteProcessMemory request was completed. (0x12B)
[0619/192232.391:ERROR:process_memory_win.cc(73)] ReadMemory at 0x35f4d97f70 of 132 bytes failed: Only part of a ReadProcessMemory or WriteProcessMemory request was completed. (0x12B)
[0619/192232.391:ERROR:process_memory_win.cc(73)] ReadMemory at 0x35f4d98090 of 132 bytes failed: Only part of a ReadProcessMemory or WriteProcessMemory request was completed. (0x12B)
[0619/192232.391:ERROR:process_memory_win.cc(73)] ReadMemory at 0x35f4d98ba0 of 76 bytes failed: Only part of a ReadProcessMemory or WriteProcessMemory request was completed. (0x12B)
[0619/192232.391:ERROR:process_memory_win.cc(73)] ReadMemory at 0x35f4d98ea0 of 76 bytes failed: Only part of a ReadProcessMemory or WriteProcessMemory request was completed. (0x12B)
[0619/192232.391:ERROR:process_memory_win.cc(73)] ReadMemory at 0x35f4d9ad10 of 52 bytes failed: Only part of a ReadProcessMemory or WriteProcessMemory request was completed. (0x12B)
[0619/192232.391:ERROR:process_memory_win.cc(73)] ReadMemory at 0x35f4d9b0e0 of 60 bytes failed: Only part of a ReadProcessMemory or WriteProcessMemory request was completed. (0x12B)
[0619/192232.391:ERROR:process_memory_win.cc(73)] ReadMemory at 0x35f4d9b680 of 62 bytes failed: Only part of a ReadProcessMemory or WriteProcessMemory request was completed. (0x12B)
[0619/192232.391:ERROR:process_memory_win.cc(73)] ReadMemory at 0x35f4d9b810 of 62 bytes failed: Only part of a ReadProcessMemory or WriteProcessMemory request was completed. (0x12B)
[0619/192232.391:ERROR:process_memory_win.cc(73)] ReadMemory at 0x35f4d9b900 of 70 bytes failed: Only part of a ReadProcessMemory or WriteProcessMemory request was completed. (0x12B)
[0619/192232.391:ERROR:process_memory_win.cc(73)] ReadMemory at 0x35f4d9ba90 of 62 bytes failed: Only part of a ReadProcessMemory or WriteProcessMemory request was completed. (0x12B)
[0619/192232.391:ERROR:process_memory_win.cc(73)] ReadMemory at 0x35f4d9bb30 of 64 bytes failed: Only part of a ReadProcessMemory or WriteProcessMemory request was completed. (0x12B)
[0619/192232.391:ERROR:process_memory_win.cc(73)] ReadMemory at 0x35f4d9bf40 of 60 bytes failed: Only part of a ReadProcessMemory or WriteProcessMemory request was completed. (0x12B)
[0619/192232.391:ERROR:process_memory_win.cc(73)] ReadMemory at 0x35f4d9bf90 of 58 bytes failed: Only part of a ReadProcessMemory or WriteProcessMemory request was completed. (0x12B)
[0619/192232.391:ERROR:process_memory_win.cc(73)] ReadMemory at 0x35f4d9c030 of 56 bytes failed: Only part of a ReadProcessMemory or WriteProcessMemory request was completed. (0x12B)
[0619/192232.391:ERROR:process_memory_win.cc(73)] ReadMemory at 0x35f4db1110 of 152 bytes failed: Only part of a ReadProcessMemory or WriteProcessMemory request was completed. (0x12B)
[0619/192232.391:ERROR:process_memory_win.cc(73)] ReadMemory at 0x35f4db2180 of 132 bytes failed: Only part of a ReadProcessMemory or WriteProcessMemory request was completed. (0x12B)
[0619/192232.735:ERROR:process_memory_win.cc(73)] ReadMemory at 0x35f4db22a0 of 132 bytes failed: Only part of a ReadProcessMemory or WriteProcessMemory request was completed. (0x12B)
[0619/192232.735:ERROR:process_memory_win.cc(73)] ReadMemory at 0x35f4db24e0 of 132 bytes failed: Only part of a ReadProcessMemory or WriteProcessMemory request was completed. (0x12B)
[0619/192232.735:ERROR:process_memory_win.cc(73)] ReadMemory at 0x35f4db2720 of 132 bytes failed: Only part of a ReadProcessMemory or WriteProcessMemory request was completed. (0x12B)
[0619/192232.735:ERROR:process_memory_win.cc(73)] ReadMemory at 0x35f4db2840 of 132 bytes failed: Only part of a ReadProcessMemory or WriteProcessMemory request was completed. (0x12B)
[0619/192232.735:ERROR:process_memory_win.cc(73)] ReadMemory at 0x35f4db2960 of 132 bytes failed: Only part of a ReadProcessMemory or WriteProcessMemory request was completed. (0x12B)
[0619/192232.735:ERROR:process_memory_win.cc(73)] ReadMemory at 0x35f4db2a80 of 132 bytes failed: Only part of a ReadProcessMemory or WriteProcessMemory request was completed. (0x12B)
[0619/192232.735:ERROR:process_memory_win.cc(73)] ReadMemory at 0x35f4db2de0 of 132 bytes failed: Only part of a ReadProcessMemory or WriteProcessMemory request was completed. (0x12B)
[0619/192232.735:ERROR:process_memory_win.cc(73)] ReadMemory at 0x35f4db3020 of 132 bytes failed: Only part of a ReadProcessMemory or WriteProcessMemory request was completed. (0x12B)
[0619/192232.735:ERROR:process_memory_win.cc(73)] ReadMemory at 0x35f4db3140 of 132 bytes failed: Only part of a ReadProcessMemory or WriteProcessMemory request was completed. (0x12B)
[0619/192232.735:ERROR:process_memory_win.cc(73)] ReadMemory at 0x35f4db3260 of 132 bytes failed: Only part of a ReadProcessMemory or WriteProcessMemory request was completed. (0x12B)
[0619/192232.735:ERROR:process_memory_win.cc(73)] ReadMemory at 0x35f4db3380 of 132 bytes failed: Only part of a ReadProcessMemory or WriteProcessMemory request was completed. (0x12B)
[0619/192232.735:ERROR:process_memory_win.cc(73)] ReadMemory at 0x35f4db34a0 of 132 bytes failed: Only part of a ReadProcessMemory or WriteProcessMemory request was completed. (0x12B)
[0619/192232.735:ERROR:process_memory_win.cc(73)] ReadMemory at 0x35f4db35c0 of 132 bytes failed: Only part of a ReadProcessMemory or WriteProcessMemory request was completed. (0x12B)
[0619/192232.735:ERROR:process_memory_win.cc(73)] ReadMemory at 0x35f4db36e0 of 132 bytes failed: Only part of a ReadProcessMemory or WriteProcessMemory request was completed. (0x12B)
[0619/192232.735:ERROR:process_memory_win.cc(73)] ReadMemory at 0x35f4db3920 of 132 bytes failed: Only part of a ReadProcessMemory or WriteProcessMemory request was completed. (0x12B)
[0619/192232.735:ERROR:process_memory_win.cc(73)] ReadMemory at 0x35f4db3a40 of 132 bytes failed: Only part of a ReadProcessMemory or WriteProcessMemory request was completed. (0x12B)
[0619/192232.735:ERROR:process_memory_win.cc(73)] ReadMemory at 0x35f4db3b60 of 132 bytes failed: Only part of a ReadProcessMemory or WriteProcessMemory request was completed. (0x12B)
[0619/192232.735:ERROR:process_memory_win.cc(73)] ReadMemory at 0x35f4db3c80 of 132 bytes failed: Only part of a ReadProcessMemory or WriteProcessMemory request was completed. (0x12B)
[0619/192232.735:ERROR:process_memory_win.cc(73)] ReadMemory at 0x35f4db3da0 of 132 bytes failed: Only part of a ReadProcessMemory or WriteProcessMemory request was completed. (0x12B)
[0619/192232.735:ERROR:process_memory_win.cc(73)] ReadMemory at 0x35f4db6920 of 146 bytes failed: Only part of a ReadProcessMemory or WriteProcessMemory request was completed. (0x12B)
[0619/192232.751:ERROR:process_memory_win.cc(73)] ReadMemory at 0x35f4db71b0 of 70 bytes failed: Only part of a ReadProcessMemory or WriteProcessMemory request was completed. (0x12B)
[0619/192232.751:ERROR:process_memory_win.cc(73)] ReadMemory at 0x35f4db7610 of 58 bytes failed: Only part of a ReadProcessMemory or WriteProcessMemory request was completed. (0x12B)
[0619/192232.751:ERROR:process_memory_win.cc(73)] ReadMemory at 0x35f4db7660 of 60 bytes failed: Only part of a ReadProcessMemory or WriteProcessMemory request was completed. (0x12B)
[0619/192232.751:ERROR:process_memory_win.cc(73)] ReadMemory at 0x35f4db7890 of 60 bytes failed: Only part of a ReadProcessMemory or WriteProcessMemory request was completed. (0x12B)
[0619/192232.751:ERROR:process_memory_win.cc(73)] ReadMemory at 0x35f4db7bb0 of 58 bytes failed: Only part of a ReadProcessMemory or WriteProcessMemory request was completed. (0x12B)
[0619/192232.751:ERROR:process_memory_win.cc(73)] ReadMemory at 0x35f4db7c00 of 62 bytes failed: Only part of a ReadProcessMemory or WriteProcessMemory request was completed. (0x12B)
[0619/192232.751:ERROR:process_memory_win.cc(73)] ReadMemory at 0x35f4db7e30 of 56 bytes failed: Only part of a ReadProcessMemory or WriteProcessMemory request was completed. (0x12B)
[0619/192232.751:ERROR:process_memory_win.cc(73)] ReadMemory at 0x35f4db7ed0 of 70 bytes failed: Only part of a ReadProcessMemory or WriteProcessMemory request was completed. (0x12B)
[0619/192232.751:ERROR:process_memory_win.cc(73)] ReadMemory at 0x35f4db8060 of 60 bytes failed: Only part of a ReadProcessMemory or WriteProcessMemory request was completed. (0x12B)
[0619/192232.751:ERROR:process_memory_win.cc(73)] ReadMemory at 0x35f4db83b0 of 126 bytes failed: Only part of a ReadProcessMemory or WriteProcessMemory request was completed. (0x12B)
[0619/192232.751:ERROR:process_memory_win.cc(73)] ReadMemory at 0x35f4dd96c0 of 64 bytes failed: Only part of a ReadProcessMemory or WriteProcessMemory request was completed. (0x12B)
[0619/192232.751:ERROR:process_memory_win.cc(73)] ReadMemory at 0x35f4e2fc40 of 512 bytes failed: Only part of a ReadProcessMemory or WriteProcessMemory request was completed. (0x12B)
[0619/192232.751:ERROR:process_memory_win.cc(73)] ReadMemory at 0x35f4e30dc0 of 512 bytes failed: Only part of a ReadProcessMemory or WriteProcessMemory request was completed. (0x12B)
[0619/192232.751:ERROR:process_memory_win.cc(73)] ReadMemory at 0x35f4e34390 of 896 bytes failed: Only part of a ReadProcessMemory or WriteProcessMemory request was completed. (0x12B)
[0619/192232.751:ERROR:process_memory_win.cc(73)] ReadMemory at 0x35f4e43c70 of 62 bytes failed: Only part of a ReadProcessMemory or WriteProcessMemory request was completed. (0x12B)
[0619/192232.751:ERROR:process_memory_win.cc(73)] ReadMemory at 0x35f4f21d80 of 512 bytes failed: Only part of a ReadProcessMemory or WriteProcessMemory request was completed. (0x12B)
[0619/192232.751:ERROR:process_memory_win.cc(73)] ReadMemory at 0x35f5176ad0 of 512 bytes failed: Only part of a ReadProcessMemory or WriteProcessMemory request was completed. (0x12B)
[0619/192232.751:ERROR:process_memory_win.cc(73)] ReadMemory at 0x35f51bff80 of 512 bytes failed: Only part of a ReadProcessMemory or WriteProcessMemory request was completed. (0x12B)
[0619/192232.751:ERROR:process_memory_win.cc(73)] ReadMemory at 0x35f51e10c0 of 512 bytes failed: Only part of a ReadProcessMemory or WriteProcessMemory request was completed. (0x12B)
[0619/192232.751:ERROR:process_memory_win.cc(73)] ReadMemory at 0x35f51e55f0 of 512 bytes failed: Only part of a ReadProcessMemory or WriteProcessMemory request was completed. (0x12B)
[0619/192232.751:ERROR:process_memory_win.cc(73)] ReadMemory at 0x35f51f2300 of 512 bytes failed: Only part of a ReadProcessMemory or WriteProcessMemory request was completed. (0x12B)
[0619/192232.751:ERROR:process_memory_win.cc(73)] ReadMemory at 0x35f52135b0 of 512 bytes failed: Only part of a ReadProcessMemory or WriteProcessMemory request was completed. (0x12B)
[0619/192232.751:ERROR:process_memory_win.cc(73)] ReadMemory at 0x35f5236150 of 512 bytes failed: Only part of a ReadProcessMemory or WriteProcessMemory request was completed. (0x12B)
[0619/192232.751:ERROR:process_memory_win.cc(73)] ReadMemory at 0x35f52f4d80 of 512 bytes failed: Only part of a ReadProcessMemory or WriteProcessMemory request was completed. (0x12B)
[0619/192232.751:ERROR:process_memory_win.cc(73)] ReadMemory at 0x7ff7bffb8000 of 6024 bytes failed: Only part of a ReadProcessMemory or WriteProcessMemory request was completed. (0x12B)
[0619/192232.751:ERROR:process_memory_win.cc(73)] ReadMemory at 0x7ff7bffba000 of 6024 bytes failed: Only part of a ReadProcessMemory or WriteProcessMemory request was completed. (0x12B)
[0619/192232.751:ERROR:process_memory_win.cc(73)] ReadMemory at 0x7ff7bffbc000 of 6024 bytes failed: Only part of a ReadProcessMemory or WriteProcessMemory request was completed. (0x12B)
[0619/192232.751:ERROR:process_memory_win.cc(73)] ReadMemory at 0x7ff7bffbe000 of 6024 bytes failed: Only part of a ReadProcessMemory or WriteProcessMemory request was completed. (0x12B)
[0619/192232.751:ERROR:process_memory_win.cc(73)] ReadMemory at 0x7ff7bffc0000 of 6024 bytes failed: Only part of a ReadProcessMemory or WriteProcessMemory request was completed. (0x12B)
[0619/192232.751:ERROR:process_memory_win.cc(73)] ReadMemory at 0x7ff7bffc2000 of 6024 bytes failed: Only part of a ReadProcessMemory or WriteProcessMemory request was completed. (0x12B)
[0619/192232.751:ERROR:process_memory_win.cc(73)] ReadMemory at 0x7ff7bffc4000 of 6024 bytes failed: Only part of a ReadProcessMemory or WriteProcessMemory request was completed. (0x12B)
[0619/192232.751:ERROR:process_memory_win.cc(73)] ReadMemory at 0x7ff7bffc6000 of 6024 bytes failed: Only part of a ReadProcessMemory or WriteProcessMemory request was completed. (0x12B)
[0619/192233.324:ERROR:process_memory_win.cc(73)] ReadMemory at 0x7ff7bffc8000 of 6024 bytes failed: Only part of a ReadProcessMemory or WriteProcessMemory request was completed. (0x12B)
[0619/192233.324:ERROR:process_memory_win.cc(73)] ReadMemory at 0x7ff7bffca000 of 6024 bytes failed: Only part of a ReadProcessMemory or WriteProcessMemory request was completed. (0x12B)
[0619/192233.324:ERROR:process_memory_win.cc(73)] ReadMemory at 0x7ff7bffcc000 of 6024 bytes failed: Only part of a ReadProcessMemory or WriteProcessMemory request was completed. (0x12B)
[0619/192233.324:ERROR:process_memory_win.cc(73)] ReadMemory at 0x7ff7bffce000 of 6024 bytes failed: Only part of a ReadProcessMemory or WriteProcessMemory request was completed. (0x12B)
[0619/192233.324:ERROR:process_memory_win.cc(73)] ReadMemory at 0x7ff7c00f3000 of 6024 bytes failed: Only part of a ReadProcessMemory or WriteProcessMemory request was completed. (0x12B)
[0619/192233.324:ERROR:process_memory_win.cc(73)] ReadMemory at 0x7ff7c00f5000 of 852 bytes failed: Only part of a ReadProcessMemory or WriteProcessMemory request was completed. (0x12B)
[0619/192233.324:ERROR:process_memory_win.cc(73)] ReadMemory at 0x7ff7c00f6000 of 6024 bytes failed: Only part of a ReadProcessMemory or WriteProcessMemory request was completed. (0x12B)
[0619/192233.324:ERROR:process_memory_win.cc(73)] ReadMemory at 0x7ff7c00f8000 of 6024 bytes failed: Only part of a ReadProcessMemory or WriteProcessMemory request was completed. (0x12B)
[0619/192233.324:ERROR:process_memory_win.cc(73)] ReadMemory at 0x7ff7c00fa000 of 6024 bytes failed: Only part of a ReadProcessMemory or WriteProcessMemory request was completed. (0x12B)
[0619/192233.324:ERROR:process_memory_win.cc(73)] ReadMemory at 0x7ff7c00fc000 of 6024 bytes failed: Only part of a ReadProcessMemory or WriteProcessMemory request was completed. (0x12B)
[0619/192233.324:ERROR:process_memory_win.cc(73)] ReadMemory at 0x7ff7c00fe000 of 6024 bytes failed: Only part of a ReadProcessMemory or WriteProcessMemory request was completed. (0x12B)
[0619/192233.324:ERROR:process_memory_win.cc(73)] ReadMemory at 0x7ffd2e75306f of 512 bytes failed: Only part of a ReadProcessMemory or WriteProcessMemory request was completed. (0x12B)
[0619/192233.324:ERROR:process_memory_win.cc(73)] ReadMemory at 0x7ffd30f49d20 of 512 bytes failed: Only part of a ReadProcessMemory or WriteProcessMemory request was completed. (0x12B)
[0619/192233.324:ERROR:process_memory_win.cc(73)] ReadMemory at 0x7ffd31030dd8 of 512 bytes failed: Only part of a ReadProcessMemory or WriteProcessMemory request was completed. (0x12B)
[0619/192233.324:ERROR:process_memory_win.cc(73)] ReadMemory at 0x7ffd51fb6b30 of 512 bytes failed: Only part of a ReadProcessMemory or WriteProcessMemory request was completed. (0x12B)
[0619/192233.324:ERROR:process_memory_win.cc(73)] ReadMemory at 0x7ffd56f62d6c of 512 bytes failed: Only part of a ReadProcessMemory or WriteProcessMemory request was completed. (0x12B)
[0619/192233.324:ERROR:process_memory_win.cc(73)] ReadMemory at 0x7ffd75d90fb0 of 512 bytes failed: Only part of a ReadProcessMemory or WriteProcessMemory request was completed. (0x12B)
[0619/192233.324:ERROR:process_memory_win.cc(73)] ReadMemory at 0x7ffd77f81330 of 522 bytes failed: Only part of a ReadProcessMemory or WriteProcessMemory request was completed. (0x12B)
[0619/192233.324:ERROR:process_memory_win.cc(73)] ReadMemory at 0x7ffd78521ac5 of 512 bytes failed: Only part of a ReadProcessMemory or WriteProcessMemory request was completed. (0x12B)
[0619/192233.324:ERROR:process_memory_win.cc(73)] ReadMemory at 0x7ffd785d5750 of 512 bytes failed: Only part of a ReadProcessMemory or WriteProcessMemory request was completed. (0x12B)
[0619/192233.324:ERROR:process_memory_win.cc(73)] ReadMemory at 0x7ffd785d95e0 of 18 bytes failed: Only part of a ReadProcessMemory or WriteProcessMemory request was completed. (0x12B)
[0619/192233.324:ERROR:process_memory_win.cc(73)] ReadMemory at 0x7ffd785ec4f0 of 512 bytes failed: Only part of a ReadProcessMemory or WriteProcessMemory request was completed. (0x12B)
[0619/192233.324:ERROR:process_memory_win.cc(73)] ReadMemory at 0x7ffd7860aca0 of 560 bytes failed: Only part of a ReadProcessMemory or WriteProcessMemory request was completed. (0x12B)
[0619/192233.324:ERROR:process_memory_win.cc(73)] ReadMemory at 0x7ffd7866071a of 592 bytes failed: Only part of a ReadProcessMemory or WriteProcessMemory request was completed. (0x12B)
[0619/192233.324:ERROR:process_memory_win.cc(73)] ReadMemory at 0x7ffd78660a1a of 512 bytes failed: Only part of a ReadProcessMemory or WriteProcessMemory request was completed. (0x12B)
[0619/192233.324:ERROR:process_memory_win.cc(73)] ReadMemory at 0x7ffd786621ca of 512 bytes failed: Only part of a ReadProcessMemory or WriteProcessMemory request was completed. (0x12B)
[0619/192233.324:ERROR:process_memory_win.cc(73)] ReadMemory at 0x7ffd786fe8a8 of 40 bytes failed: Only part of a ReadProcessMemory or WriteProcessMemory request was completed. (0x12B)
[0619/192233.324:ERROR:process_memory_win.cc(73)] ReadMemory at 0x7ffd786febe0 of 48 bytes failed: Only part of a ReadProcessMemory or WriteProcessMemory request was completed. (0x12B)
[0619/192233.324:ERROR:process_memory_win.cc(73)] ReadMemory at 0x7ffd78701320 of 64 bytes failed: Only part of a ReadProcessMemory or WriteProcessMemory request was completed. (0x12B)
[0619/192233.324:ERROR:scoped_process_suspend.cc(40)] NtResumeProcess: An attempt was made to access an exiting process. (0xc000010a)
